<?xml version="1.0" encoding="UTF-8"?>
<!-- Generated by org.testng.reporters.JUnitXMLReporter -->
<testsuite hostname="DESKTOP-F09LD45" name="Default test" tests="3" failures="0" timestamp="25 Sep 2018 16:01:00 GMT" time="0.033" errors="0">
  <testcase name="TC_001" time="0.013" classname="com.testSuites.NewTest"/>
  <testcase name="TC_002" time="0.001" classname="com.testSuites.NewTest"/>
  <testcase name="TC_003" time="0.001" classname="com.testSuites.NewTest"/>
</testsuite> <!-- Default test -->
