<?xml version="1.0" encoding="UTF-8"?>
<testng-results skipped="0" failed="0" total="2" passed="2">
  <reporter-output>
  </reporter-output>
  <suite name="Suite" duration-ms="33" started-at="2018-09-25T16:04:28Z" finished-at="2018-09-25T16:04:29Z">
    <groups>
      <group name="Regression">
        <method signature="NewTest.TC_001()[pri:0, instance:com.testSuites.NewTest@6093dd95]" name="TC_001" class="com.testSuites.NewTest"/>
        <method signature="NewTest.TC_003()[pri:0, instance:com.testSuites.NewTest@6093dd95]" name="TC_003" class="com.testSuites.NewTest"/>
      </group> <!-- Regression -->
      <group name="sanity">
        <method signature="NewTest.TC_001()[pri:0, instance:com.testSuites.NewTest@6093dd95]" name="TC_001" class="com.testSuites.NewTest"/>
        <method signature="NewTest.TC_003()[pri:0, instance:com.testSuites.NewTest@6093dd95]" name="TC_003" class="com.testSuites.NewTest"/>
      </group> <!-- sanity -->
    </groups>
    <test name="Test" duration-ms="33" started-at="2018-09-25T16:04:28Z" finished-at="2018-09-25T16:04:29Z">
      <class name="com.testSuites.NewTest">
        <test-method status="PASS" signature="TC_001()[pri:0, instance:com.testSuites.NewTest@6093dd95]" name="TC_001" duration-ms="16" started-at="2018-09-25T21:34:28Z" finished-at="2018-09-25T21:34:29Z">
          <reporter-output>
          </reporter-output>
        </test-method> <!-- TC_001 -->
        <test-method status="PASS" signature="TC_003()[pri:0, instance:com.testSuites.NewTest@6093dd95]" name="TC_003" duration-ms="2" started-at="2018-09-25T21:34:29Z" finished-at="2018-09-25T21:34:29Z">
          <reporter-output>
          </reporter-output>
        </test-method> <!-- TC_003 -->
      </class> <!-- com.testSuites.NewTest -->
    </test> <!-- Test -->
  </suite> <!-- Suite -->
</testng-results>
